Determining if the pthread_create exist failed with the following output:
Change Dir: /home/azra/turtlebot/build/CMakeFiles/CMakeTmp

Run Build Command:/usr/bin/make "cmTryCompileExec844401987/fast"
/usr/bin/make -f CMakeFiles/cmTryCompileExec844401987.dir/build.make CMakeFiles/cmTryCompileExec844401987.dir/build
make[1]: Entering directory `/home/azra/turtlebot/build/CMakeFiles/CMakeTmp'
/usr/bin/cmake -E cmake_progress_report /home/azra/turtlebot/build/CMakeFiles/CMakeTmp/CMakeFiles 1
Building C object CMakeFiles/cmTryCompileExec844401987.dir/CheckSymbolExists.c.o
/usr/bin/cc    -o CMakeFiles/cmTryCompileExec844401987.dir/CheckSymbolExists.c.o   -c /home/azra/turtlebot/build/CMakeFiles/CMakeTmp/CheckSymbolExists.c
Linking C executable cmTryCompileExec844401987
/usr/bin/cmake -E cmake_link_script CMakeFiles/cmTryCompileExec844401987.dir/link.txt --verbose=1
/usr/bin/cc       CMakeFiles/cmTryCompileExec844401987.dir/CheckSymbolExists.c.o  -o cmTryCompileExec844401987 -rdynamic 
CMakeFiles/cmTryCompileExec844401987.dir/CheckSymbolExists.c.o: In function `main':
CheckSymbolExists.c:(.text+0x16): undefined reference to `pthread_create'
collect2: error: ld returned 1 exit status
make[1]: Leaving directory `/home/azra/turtlebot/build/CMakeFiles/CMakeTmp'
make[1]: *** [cmTryCompileExec844401987] Error 1
make: *** [cmTryCompileExec844401987/fast] Error 2

File /home/azra/turtlebot/build/CMakeFiles/CMakeTmp/CheckSymbolExists.c:
/* */
#include <pthread.h>

int main(int argc, char** argv)
{
  (void)argv;
#ifndef pthread_create
  return ((int*)(&pthread_create))[argc];
#else
  (void)argc;
  return 0;
#endif
}

Determining if the function pthread_create exists in the pthreads failed with the following output:
Change Dir: /home/azra/turtlebot/build/CMakeFiles/CMakeTmp

Run Build Command:/usr/bin/make "cmTryCompileExec3007375958/fast"
/usr/bin/make -f CMakeFiles/cmTryCompileExec3007375958.dir/build.make CMakeFiles/cmTryCompileExec3007375958.dir/build
make[1]: Entering directory `/home/azra/turtlebot/build/CMakeFiles/CMakeTmp'
/usr/bin/cmake -E cmake_progress_report /home/azra/turtlebot/build/CMakeFiles/CMakeTmp/CMakeFiles 1
Building C object CMakeFiles/cmTryCompileExec3007375958.dir/CheckFunctionExists.c.o
/usr/bin/cc   -DCHECK_FUNCTION_EXISTS=pthread_create   -o CMakeFiles/cmTryCompileExec3007375958.dir/CheckFunctionExists.c.o   -c /usr/share/cmake-2.8/Modules/CheckFunctionExists.c
Linking C executable cmTryCompileExec3007375958
/usr/bin/cmake -E cmake_link_script CMakeFiles/cmTryCompileExec3007375958.dir/link.txt --verbose=1
/usr/bin/cc   -DCHECK_FUNCTION_EXISTS=pthread_create    CMakeFiles/cmTryCompileExec3007375958.dir/CheckFunctionExists.c.o  -o cmTryCompileExec3007375958 -rdynamic -lpthreads 
/usr/bin/ld: cannot find -lpthreads
collect2: error: ld returned 1 exit status
make[1]: Leaving directory `/home/azra/turtlebot/build/CMakeFiles/CMakeTmp'
make[1]: *** [cmTryCompileExec3007375958] Error 1
make: *** [cmTryCompileExec3007375958/fast] Error 2


